<?xml version="1.0" encoding="UTF-8"?>
<testng-results skipped="0" failed="1" ignored="0" total="1" passed="0">
  <reporter-output>
  </reporter-output>
  <suite name="Default suite" duration-ms="25729" started-at="2019-10-25T08:43:18Z" finished-at="2019-10-25T08:43:44Z">
    <groups>
    </groups>
    <test name="Default test" duration-ms="25729" started-at="2019-10-25T08:43:18Z" finished-at="2019-10-25T08:43:44Z">
      <class name="com.expedia.flightbooking.TestNG_Screenshots">
        <test-method status="PASS" signature="setUp()[pri:0, instance:com.expedia.flightbooking.TestNG_Screenshots@4562e04d]" name="setUp" is-config="true" duration-ms="13616" started-at="2019-10-25T08:43:18Z" finished-at="2019-10-25T08:43:32Z">
          <reporter-output>
          </reporter-output>
        </test-method> <!-- setUp -->
        <test-method status="FAIL" signature="test1_invalidCredentials()[pri:0, instance:com.expedia.flightbooking.TestNG_Screenshots@4562e04d]" name="test1_invalidCredentials" duration-ms="11253" started-at="2019-10-25T08:43:32Z" finished-at="2019-10-25T08:43:43Z">
          <exception class="java.lang.AssertionError">
            <message>
              <![CDATA[expected [true] but found [false]]]>
            </message>
            <full-stacktrace>
              <![CDATA[java.lang.AssertionError: expected [true] but found [false]
at org.testng.Assert.fail(Assert.java:96)
at org.testng.Assert.failNotEquals(Assert.java:776)
at org.testng.Assert.assertTrue(Assert.java:44)
at org.testng.Assert.assertTrue(Assert.java:54)
at com.expedia.flightbooking.TestNG_Screenshots.test1_invalidCredentials(TestNG_Screenshots.java:66)
at sun.reflect.NativeMethodAccessorImpl.invoke0(Native Method)
at sun.reflect.NativeMethodAccessorImpl.invoke(NativeMethodAccessorImpl.java:62)
at sun.reflect.DelegatingMethodAccessorImpl.invoke(DelegatingMethodAccessorImpl.java:43)
at java.lang.reflect.Method.invoke(Method.java:498)
at org.testng.internal.MethodInvocationHelper.invokeMethod(MethodInvocationHelper.java:124)
at org.testng.internal.Invoker.invokeMethod(Invoker.java:583)
at org.testng.internal.Invoker.invokeTestMethod(Invoker.java:719)
at org.testng.internal.Invoker.invokeTestMethods(Invoker.java:989)
at org.testng.internal.TestMethodWorker.invokeTestMethods(TestMethodWorker.java:125)
at org.testng.internal.TestMethodWorker.run(TestMethodWorker.java:109)
at org.testng.TestRunner.privateRun(TestRunner.java:648)
at org.testng.TestRunner.run(TestRunner.java:505)
at org.testng.SuiteRunner.runTest(SuiteRunner.java:455)
at org.testng.SuiteRunner.runSequentially(SuiteRunner.java:450)
at org.testng.SuiteRunner.privateRun(SuiteRunner.java:415)
at org.testng.SuiteRunner.run(SuiteRunner.java:364)
at org.testng.SuiteRunnerWorker.runSuite(SuiteRunnerWorker.java:52)
at org.testng.SuiteRunnerWorker.run(SuiteRunnerWorker.java:84)
at org.testng.TestNG.runSuitesSequentially(TestNG.java:1208)
at org.testng.TestNG.runSuitesLocally(TestNG.java:1137)
at org.testng.TestNG.runSuites(TestNG.java:1049)
at org.testng.TestNG.run(TestNG.java:1017)
at org.testng.remote.AbstractRemoteTestNG.run(AbstractRemoteTestNG.java:115)
at org.testng.remote.RemoteTestNG.initAndRun(RemoteTestNG.java:251)
at org.testng.remote.RemoteTestNG.main(RemoteTestNG.java:77)
]]>
            </full-stacktrace>
          </exception> <!-- java.lang.AssertionError -->
          <reporter-output>
          </reporter-output>
        </test-method> <!-- test1_invalidCredentials -->
        <test-method status="PASS" signature="tearDown(org.testng.ITestResult)[pri:0, instance:com.expedia.flightbooking.TestNG_Screenshots@4562e04d]" name="tearDown" is-config="true" duration-ms="834" started-at="2019-10-25T08:43:43Z" finished-at="2019-10-25T08:43:44Z">
          <params>
            <param index="0">
              <value>
                <![CDATA[[TestResult name=test1_invalidCredentials status=FAILURE method=TestNG_Screenshots.test1_invalidCredentials()[pri:0, instance:com.expedia.flightbooking.TestNG_Screenshots@4562e04d] output={null}]]]>
              </value>
            </param>
          </params>
          <reporter-output>
          </reporter-output>
        </test-method> <!-- tearDown -->
      </class> <!-- com.expedia.flightbooking.TestNG_Screenshots -->
    </test> <!-- Default test -->
  </suite> <!-- Default suite -->
</testng-results>
